<?xml version="1.0" encoding="UTF-8"?>
<TestRun id="581c7b69-ffb4-4a31-83a6-94728daf23c0" name="Alumnos@H45-38 2015-01-17 10:23:54" runUser="H45-38\Alumnos" xmlns="http://microsoft.com/schemas/VisualStudio/TeamTest/2010">
  <TestSettings name="Local" id="da177de0-b8a5-46c1-b4cf-2fd8dfbb5cad">
    <Description>These are default test settings for a local test run.</Description>
    <Deployment enabled="false" runDeploymentRoot="Alumnos_H45-38 2015-01-17 10_23_54" />
    <Execution>
      <TestTypeSpecific />
      <AgentRule name="Execution Agents">
      </AgentRule>
    </Execution>
  </TestSettings>
  <Times creation="2015-01-17T10:23:54.6841268-05:00" queuing="2015-01-17T10:23:54.7161281-05:00" start="2015-01-17T10:23:54.7161281-05:00" finish="2015-01-17T10:23:54.8861284-05:00" />
  <ResultSummary outcome="Failed">
    <Counters total="1" executed="1" error="0" failed="1" timeout="0" aborted="0" inconclusive="0" passedButRunAborted="0" notRunnable="0" notExecuted="0" disconnected="0" warning="0" passed="0" completed="0" inProgress="0" pending="0" />
  </ResultSummary>
  <TestDefinitions>
    <UnitTest name="TestMethod2" storage="c:\dsd\pcsihsai\soapservicetest\bin\debug\soapservicetest.dll" id="dee255e4-6c2f-75e8-0b09-b1a369c36b63">
      <Execution id="3ce8068d-6b75-4168-98b3-8a8e362a6799" />
      <TestMethod codeBase="c:/DSD/pcsihsai/SoapServiceTest/bin/Debug/SoapServiceTest.DLL" adapterTypeName="Microsoft.VisualStudio.TestTools.TestTypes.Unit.UnitTestAdapter, Microsoft.VisualStudio.QualityTools.Tips.UnitTest.Adapter, Version=10.0.0.0, Culture=neutral, PublicKeyToken=b03f5f7f11d50a3a" className="SoapServiceTest.UnitTest1, SoapServiceTest, Version=1.0.0.0, Culture=neutral, PublicKeyToken=null" name="TestMethod2" />
    </UnitTest>
  </TestDefinitions>
  <TestLists>
    <TestList name="Results Not in a List" id="8c84fa94-04c1-424b-9868-57a2d4851a1d" />
    <TestList name="All Loaded Results" id="19431567-8539-422a-85d7-44ee4e166bda" />
  </TestLists>
  <TestEntries>
    <TestEntry testId="dee255e4-6c2f-75e8-0b09-b1a369c36b63" executionId="3ce8068d-6b75-4168-98b3-8a8e362a6799" testListId="8c84fa94-04c1-424b-9868-57a2d4851a1d" />
  </TestEntries>
  <Results>
    <UnitTestResult executionId="3ce8068d-6b75-4168-98b3-8a8e362a6799" testId="dee255e4-6c2f-75e8-0b09-b1a369c36b63" testName="TestMethod2" computerName="H45-38" duration="00:00:00.0408303" startTime="2015-01-17T10:23:54.7261281-05:00" endTime="2015-01-17T10:23:54.8761283-05:00" testType="13cdc9d9-ddb5-4fa4-a97d-d965ccfc6d4b" outcome="Failed" testListId="8c84fa94-04c1-424b-9868-57a2d4851a1d" relativeResultsDirectory="3ce8068d-6b75-4168-98b3-8a8e362a6799">
      <Output>
        <ErrorInfo>
          <Message>Assert.AreEqual failed. Expected:&lt;AdiósJesús!Regresa pronto al&gt;. Actual:&lt;AdiosJesús!Regresa pronto alDSD.&gt;. </Message>
          <StackTrace>   at SoapServiceTest.UnitTest1.TestMethod2() in c:\DSD\pcsihsai\SoapServiceTest\UnitTest1.cs:line 31
</StackTrace>
        </ErrorInfo>
      </Output>
    </UnitTestResult>
  </Results>
</TestRun>